0 info it worked if it ends with ok
1 verbose cli [ 'C:\\Program Files\\nodejs\\node.exe',
1 verbose cli   'C:\\Users\\Yancey\\AppData\\Roaming\\npm\\node_modules\\npm\\bin\\npm-cli.js',
1 verbose cli   'start' ]
2 info using npm@3.3.9
3 info using node@v5.6.0
4 verbose run-script [ 'prestart', 'start', 'poststart' ]
5 info lifecycle todolist-es6@1.0.0~prestart: todolist-es6@1.0.0
6 silly lifecycle todolist-es6@1.0.0~prestart: no script for prestart, continuing
7 info lifecycle todolist-es6@1.0.0~start: todolist-es6@1.0.0
8 verbose lifecycle todolist-es6@1.0.0~start: unsafe-perm in lifecycle true
9 verbose lifecycle todolist-es6@1.0.0~start: PATH: C:\Users\Yancey\AppData\Roaming\npm\node_modules\npm\bin\node-gyp-bin;C:\Projects\todoList-es6\node_modules\.bin;C:\ProgramData\Oracle\Java\javapath;C:\WINDOWS\system32;C:\WINDOWS;C:\WINDOWS\System32\Wbem;C:\WINDOWS\System32\WindowsPowerShell\v1.0\;C:\WINDOWS\system32\config\systemprofile\.dnx\bin;C:\Program Files\Microsoft DNX\Dnvm\;C:\Program Files\Microsoft SQL Server\120\Tools\Binn\;C:\Program Files (x86)\Windows Kits\10\Windows Performance Toolkit\;C:\Program Files (x86)\Git\cmd;C:\Program Files\Java\jdk1.8.0_60\bin/bin;C:\Program Files\Java\jdk1.8.0_60\bin\jre\bin;C:\Program Files\Java\Tomcat 8.0\lib;C:\Users\Yancey\AppData\Roaming\npm;C:\Program Files (x86)\Skype\Phone\;C:\Program Files\nodejs\;C:\Ruby22-x64\bin;C:\Program Files\Ruby22-x64\bin;C:\Users\Yancey\AppData\Roaming\npm
10 verbose lifecycle todolist-es6@1.0.0~start: CWD: C:\Projects\todoList-es6
11 silly lifecycle todolist-es6@1.0.0~start: Args: [ '/d /s /c', 'build && http-server' ]
12 silly lifecycle todolist-es6@1.0.0~start: Returned: code: 1  signal: null
13 info lifecycle todolist-es6@1.0.0~start: Failed to exec start script
14 verbose stack Error: todolist-es6@1.0.0 start: `build && http-server`
14 verbose stack Exit status 1
14 verbose stack     at EventEmitter.<anonymous> (C:\Users\Yancey\AppData\Roaming\npm\node_modules\npm\lib\utils\lifecycle.js:233:16)
14 verbose stack     at emitTwo (events.js:100:13)
14 verbose stack     at EventEmitter.emit (events.js:185:7)
14 verbose stack     at ChildProcess.<anonymous> (C:\Users\Yancey\AppData\Roaming\npm\node_modules\npm\lib\utils\spawn.js:24:14)
14 verbose stack     at emitTwo (events.js:100:13)
14 verbose stack     at ChildProcess.emit (events.js:185:7)
14 verbose stack     at maybeClose (internal/child_process.js:827:16)
14 verbose stack     at Process.ChildProcess._handle.onexit (internal/child_process.js:211:5)
15 verbose pkgid todolist-es6@1.0.0
16 verbose cwd C:\Projects\todoList-es6
17 error Windows_NT 10.0.10586
18 error argv "C:\\Program Files\\nodejs\\node.exe" "C:\\Users\\Yancey\\AppData\\Roaming\\npm\\node_modules\\npm\\bin\\npm-cli.js" "start"
19 error node v5.6.0
20 error npm  v3.3.9
21 error code ELIFECYCLE
22 error todolist-es6@1.0.0 start: `build && http-server`
22 error Exit status 1
23 error Failed at the todolist-es6@1.0.0 start script 'build && http-server'.
23 error This is most likely a problem with the todolist-es6 package,
23 error not with npm itself.
23 error Tell the author that this fails on your system:
23 error     build && http-server
23 error You can get their info via:
23 error     npm owner ls todolist-es6
23 error There is likely additional logging output above.
24 verbose exit [ 1, true ]
